TN:
SF:src\App.tsx
FN:7,App
FN:15,(anonymous_1)
FNF:2
FNH:1
FNDA:1,App
FNDA:0,(anonymous_1)
DA:8,1
DA:10,1
DA:16,0
LF:3
LH:2
BRDA:19,0,0,1
BRDA:19,0,1,0
BRDA:22,1,0,1
BRDA:22,1,1,0
BRF:4
BRH:2
end_of_record
TN:
SF:src\interfaces\question.ts
FNF:0
FNH:0
LF:0
LH:0
BRF:0
BRH:0
end_of_record
TN:
SF:src\interfaces\quiz.ts
FNF:0
FNH:0
LF:0
LH:0
BRF:0
BRH:0
end_of_record
TN:
SF:src\quizzer\AddQuizModal.tsx
FN:4,(anonymous_0)
FN:17,(anonymous_1)
FN:35,(anonymous_2)
FN:44,(anonymous_3)
FN:53,(anonymous_4)
FNF:5
FNH:2
FNDA:32,(anonymous_0)
FNDA:1,(anonymous_1)
FNDA:0,(anonymous_2)
FNDA:0,(anonymous_3)
FNDA:0,(anonymous_4)
DA:4,2
DA:14,32
DA:15,32
DA:17,32
DA:18,1
DA:19,1
DA:20,1
DA:21,1
DA:24,32
DA:37,0
DA:46,0
DA:54,0
DA:55,0
DA:56,0
LF:14
LH:9
BRF:0
BRH:0
end_of_record
TN:
SF:src\quizzer\QuestionEdit.tsx
FN:7,(anonymous_0)
FN:23,(anonymous_1)
FN:26,(anonymous_2)
FN:38,(anonymous_3)
FN:48,(anonymous_4)
FN:53,(anonymous_5)
FN:66,(anonymous_6)
FN:89,(anonymous_7)
FN:162,(anonymous_8)
FN:177,(anonymous_9)
FN:196,(anonymous_10)
FN:216,(anonymous_11)
FN:225,(anonymous_12)
FN:241,(anonymous_13)
FN:251,(anonymous_14)
FNF:15
FNH:6
FNDA:54,(anonymous_0)
FNDA:53,(anonymous_1)
FNDA:0,(anonymous_2)
FNDA:1,(anonymous_3)
FNDA:0,(anonymous_4)
FNDA:0,(anonymous_5)
FNDA:0,(anonymous_6)
FNDA:0,(anonymous_7)
FNDA:0,(anonymous_8)
FNDA:81,(anonymous_9)
FNDA:0,(anonymous_10)
FNDA:2,(anonymous_11)
FNDA:0,(anonymous_12)
FNDA:1,(anonymous_13)
FNDA:0,(anonymous_14)
DA:7,2
DA:22,54
DA:23,53
DA:26,54
DA:27,0
DA:29,0
DA:30,0
DA:38,54
DA:39,1
DA:40,1
DA:48,54
DA:49,0
DA:50,0
DA:53,54
DA:57,0
DA:58,0
DA:59,0
DA:66,54
DA:67,0
DA:68,0
DA:69,0
DA:75,54
DA:92,0
DA:165,0
DA:178,81
DA:199,0
DA:217,2
DA:226,0
DA:242,1
DA:246,1
DA:252,0
LF:31
LH:15
BRDA:29,0,0,0
BRDA:29,0,1,0
BRDA:62,1,0,0
BRDA:62,1,1,0
BRDA:111,2,0,13
BRDA:111,2,1,41
BRDA:142,3,0,54
BRDA:142,3,1,27
BRDA:157,4,0,54
BRDA:157,4,1,27
BRDA:173,5,0,54
BRDA:173,5,1,27
BRF:12
BRH:8
end_of_record
TN:
SF:src\quizzer\QuizCard.tsx
FN:7,(anonymous_0)
FN:15,(anonymous_1)
FN:24,(anonymous_2)
FNF:3
FNH:3
FNDA:90,(anonymous_0)
FNDA:356,(anonymous_1)
FNDA:10,(anonymous_2)
DA:7,2
DA:14,90
DA:16,356
DA:19,90
DA:25,10
LF:5
LH:5
BRDA:16,0,0,356
BRDA:16,0,1,302
BRDA:16,0,2,160
BRDA:32,1,0,90
BRDA:32,1,1,0
BRF:5
BRH:4
end_of_record
TN:
SF:src\quizzer\QuizEdit.tsx
FN:9,(anonymous_0)
FN:24,(anonymous_1)
FN:27,(anonymous_2)
FN:31,(anonymous_3)
FN:34,(anonymous_4)
FN:38,(anonymous_5)
FN:42,(anonymous_6)
FN:46,(anonymous_7)
FN:64,(anonymous_8)
FN:81,(anonymous_9)
FN:96,(anonymous_10)
FN:104,(anonymous_11)
FN:120,(anonymous_12)
FN:146,(anonymous_13)
FN:159,(anonymous_14)
FNF:15
FNH:11
FNDA:13,(anonymous_0)
FNDA:2,(anonymous_1)
FNDA:8,(anonymous_2)
FNDA:0,(anonymous_3)
FNDA:0,(anonymous_4)
FNDA:5,(anonymous_5)
FNDA:2,(anonymous_6)
FNDA:8,(anonymous_7)
FNDA:0,(anonymous_8)
FNDA:2,(anonymous_9)
FNDA:0,(anonymous_10)
FNDA:54,(anonymous_11)
FNDA:1,(anonymous_12)
FNDA:5,(anonymous_13)
FNDA:1,(anonymous_14)
DA:9,2
DA:22,13
DA:24,13
DA:25,2
DA:27,8
DA:31,13
DA:32,0
DA:34,0
DA:38,13
DA:39,5
DA:42,13
DA:43,2
DA:47,8
DA:48,6
DA:49,4
DA:55,13
DA:67,0
DA:84,2
DA:97,0
DA:105,54
DA:121,1
DA:147,5
DA:148,5
DA:160,1
DA:161,1
LF:25
LH:21
BRDA:27,0,0,2
BRDA:27,0,1,6
BRDA:47,1,0,2
BRDA:47,1,1,6
BRDA:48,2,0,2
BRDA:48,2,1,4
BRF:6
BRH:6
end_of_record
TN:
SF:src\quizzer\QuizExpanded.tsx
FN:9,(anonymous_0)
FN:21,(anonymous_1)
FN:30,(anonymous_2)
FN:37,(anonymous_3)
FN:41,(anonymous_4)
FN:42,(anonymous_5)
FN:45,(anonymous_6)
FN:50,(anonymous_7)
FN:57,(anonymous_8)
FN:60,(anonymous_9)
FN:81,(anonymous_10)
FN:98,(anonymous_11)
FN:105,(anonymous_12)
FNF:13
FNH:13
FNDA:20,(anonymous_0)
FNDA:81,(anonymous_1)
FNDA:2,(anonymous_2)
FNDA:46,(anonymous_3)
FNDA:2,(anonymous_4)
FNDA:2,(anonymous_5)
FNDA:7,(anonymous_6)
FNDA:28,(anonymous_7)
FNDA:2,(anonymous_8)
FNDA:8,(anonymous_9)
FNDA:6,(anonymous_10)
FNDA:46,(anonymous_11)
FNDA:2,(anonymous_12)
DA:9,2
DA:20,20
DA:22,81
DA:25,20
DA:26,20
DA:30,20
DA:31,2
DA:32,2
DA:33,2
DA:36,20
DA:37,46
DA:41,20
DA:42,2
DA:45,20
DA:46,7
DA:47,7
DA:50,28
DA:54,7
DA:57,20
DA:58,2
DA:60,8
DA:67,20
DA:82,6
DA:83,6
DA:99,46
DA:105,2
LF:26
LH:26
BRDA:22,0,0,81
BRDA:22,0,1,72
BRDA:22,0,2,44
BRDA:62,1,0,2
BRDA:62,1,1,6
BRDA:74,2,0,20
BRDA:74,2,1,0
BRF:7
BRH:6
end_of_record
TN:
SF:src\quizzer\QuizList.tsx
FN:8,(anonymous_0)
FN:17,(anonymous_1)
FN:21,(anonymous_2)
FN:29,(anonymous_3)
FN:41,(anonymous_4)
FNF:5
FNH:5
FNDA:42,(anonymous_0)
FNDA:10,(anonymous_1)
FNDA:1,(anonymous_2)
FNDA:90,(anonymous_3)
FNDA:210,(anonymous_4)
DA:8,2
DA:15,42
DA:17,42
DA:18,10
DA:21,42
DA:22,1
DA:25,42
DA:30,90
DA:42,210
DA:43,24
DA:53,186
LF:11
LH:11
BRDA:27,0,0,42
BRDA:27,0,1,18
BRDA:42,1,0,24
BRDA:42,1,1,186
BRF:4
BRH:4
end_of_record
TN:
SF:src\quizzer\QuizQuestion.tsx
FN:8,(anonymous_0)
FN:23,(anonymous_1)
FN:29,(anonymous_2)
FN:61,(anonymous_3)
FNF:4
FNH:4
FNDA:46,(anonymous_0)
FNDA:2,(anonymous_1)
FNDA:2,(anonymous_2)
FNDA:72,(anonymous_3)
DA:8,2
DA:23,46
DA:24,2
DA:25,2
DA:29,46
DA:30,2
DA:31,2
DA:32,2
DA:36,46
DA:62,72
LF:10
LH:10
BRDA:24,0,0,2
BRDA:24,0,1,0
BRDA:31,1,0,2
BRDA:31,1,1,0
BRDA:45,2,0,3
BRDA:45,2,1,43
BRDA:49,3,0,46
BRDA:49,3,1,22
BRDA:58,4,0,46
BRDA:58,4,1,24
BRDA:76,5,0,2
BRDA:76,5,1,44
BRDA:77,6,0,4
BRDA:77,6,1,42
BRF:14
BRH:12
end_of_record
TN:
SF:src\quizzer\QuizView.tsx
FN:8,(anonymous_0)
FN:21,(anonymous_1)
FNF:2
FNH:2
FNDA:24,(anonymous_0)
FNDA:11,(anonymous_1)
DA:8,2
DA:19,24
DA:21,24
DA:22,11
DA:25,24
LF:5
LH:5
BRDA:27,0,0,24
BRDA:27,0,1,6
BRDA:36,1,0,24
BRDA:36,1,1,18
BRF:4
BRH:4
end_of_record
TN:
SF:src\quizzer\Quizzer.tsx
FN:11,(anonymous_0)
FN:14,(anonymous_1)
FN:23,(anonymous_2)
FN:27,editQuiz
FN:29,(anonymous_4)
FN:33,addQuiz
FN:37,deleteQuiz
FN:38,(anonymous_7)
FN:41,(anonymous_8)
FN:42,(anonymous_9)
FNF:10
FNH:10
FNDA:10,(anonymous_0)
FNDA:40,(anonymous_1)
FNDA:32,(anonymous_2)
FNDA:14,editQuiz
FNDA:70,(anonymous_4)
FNDA:1,addQuiz
FNDA:1,deleteQuiz
FNDA:5,(anonymous_7)
FNDA:1,(anonymous_8)
FNDA:1,(anonymous_9)
DA:10,2
DA:11,10
DA:14,40
DA:23,2
DA:24,32
DA:25,32
DA:28,14
DA:29,70
DA:34,1
DA:38,5
DA:41,32
DA:42,32
DA:44,32
LF:13
LH:13
BRDA:29,0,0,14
BRDA:29,0,1,56
BRF:2
BRH:2
end_of_record
